<?xml version="1.0" encoding="UTF-8"?>
<testsuite xmlns:xsi="http://www.w3.org/2001/XMLSchema-instance" xsi:noNamespaceSchemaLocation="https://maven.apache.org/surefire/maven-surefire-plugin/xsd/surefire-test-report-3.0.xsd" version="3.0" name="com.calculator.IntegrationTest" time="0.005" tests="3" errors="0" skipped="0" failures="0">
  <properties>
[...]
</properties>
  <testcase name="testExpressionWithFunctions" classname="com.calculator.IntegrationTest" time="0.001"/>
  <testcase name="testComplexExpression" classname="com.calculator.IntegrationTest" time="0"/>
  <testcase name="testInvalidExpression" classname="com.calculator.IntegrationTest" time="0.002"/>
</testsuite>